# JRE version: OpenJDK Runtime Environment Temurin-17.0.7+7 (17.0.7+7) (build 17.0.7+7)
# Java VM: OpenJDK 64-Bit Server VM Temurin-17.0.7+7 (17.0.7+7, mixed mode, sharing, tiered, compressed oops, compressed class ptrs, g1 gc, windows-amd64)
GC Precious Log:
 CPUs: 8 total, 8 available
 Memory: 7778M
 Large Page Support: Disabled
 NUMA Support: Disabled
 Compressed Oops: Enabled (32-bit)
 Heap Region Size: 1M
 Heap Min Capacity: 8M
 Heap Initial Capacity: 122M
 Heap Max Capacity: 1946M
 Pre-touch: Disabled
 Parallel Workers: 8
 Concurrent Workers: 2
 Concurrent Refinement Workers: 8
 Periodic GC: Disabled
Heap:
 garbage-first heap   total 232448K, used 53291K [0x0000000086600000, 0x0000000100000000)
  region size 1024K, 16 young (16384K), 8 survivors (8192K)
 Metaspace       used 7207K, committed 7424K, reserved 1114112K
  class space    used 354K, committed 448K, reserved 1048576K
GC Heap History (20 events):
Event: 224.444 GC heap before
{Heap before GC invocations=232 (full 0):
 garbage-first heap   total 193536K, used 175661K [0x0000000086600000, 0x0000000100000000)
  region size 1024K, 89 young (91136K), 5 survivors (5120K)
 Metaspace       used 7204K, committed 7424K, reserved 1114112K
  class space    used 354K, committed 448K, reserved 1048576K
}
Event: 224.454 GC heap after
{Heap after GC invocations=233 (full 0):
 garbage-first heap   total 232448K, used 26310K [0x0000000086600000, 0x0000000100000000)
  region size 1024K, 5 young (5120K), 5 survivors (5120K)
 Metaspace       used 7204K, committed 7424K, reserved 1114112K
  class space    used 354K, committed 448K, reserved 1048576K
}
Event: 225.360 GC heap before
{Heap before GC invocations=233 (full 0):
 garbage-first heap   total 232448K, used 215750K [0x0000000086600000, 0x0000000100000000)
  region size 1024K, 111 young (113664K), 5 survivors (5120K)
 Metaspace       used 7204K, committed 7424K, reserved 1114112K
  class space    used 354K, committed 448K, reserved 1048576K
}
Event: 225.388 GC heap after
{Heap after GC invocations=234 (full 0):
 garbage-first heap   total 232448K, used 25249K [0x0000000086600000, 0x0000000100000000)
  region size 1024K, 5 young (5120K), 5 survivors (5120K)
 Metaspace       used 7204K, committed 7424K, reserved 1114112K
  class space    used 354K, committed 448K, reserved 1048576K
}
Event: 226.241 GC heap before
{Heap before GC invocations=234 (full 0):
 garbage-first heap   total 232448K, used 217761K [0x0000000086600000, 0x0000000100000000)
  region size 1024K, 113 young (115712K), 5 survivors (5120K)
 Metaspace       used 7204K, committed 7424K, reserved 1114112K
  class space    used 354K, committed 448K, reserved 1048576K
}
Event: 226.288 GC heap after
{Heap after GC invocations=235 (full 0):
 garbage-first heap   total 232448K, used 25250K [0x0000000086600000, 0x0000000100000000)
  region size 1024K, 5 young (5120K), 5 survivors (5120K)
 Metaspace       used 7204K, committed 7424K, reserved 1114112K
  class space    used 354K, committed 448K, reserved 1048576K
}
Event: 227.329 GC heap before
{Heap before GC invocations=235 (full 0):
 garbage-first heap   total 232448K, used 217762K [0x0000000086600000, 0x0000000100000000)
  region size 1024K, 113 young (115712K), 5 survivors (5120K)
 Metaspace       used 7204K, committed 7424K, reserved 1114112K
  class space    used 354K, committed 448K, reserved 1048576K
}
Event: 227.337 GC heap after
{Heap after GC invocations=236 (full 0):
 garbage-first heap   total 232448K, used 25290K [0x0000000086600000, 0x0000000100000000)
  region size 1024K, 5 young (5120K), 5 survivors (5120K)
 Metaspace       used 7204K, committed 7424K, reserved 1114112K
  class space    used 354K, committed 448K, reserved 1048576K
}
Event: 227.948 GC heap before
{Heap before GC invocations=236 (full 0):
 garbage-first heap   total 232448K, used 217802K [0x0000000086600000, 0x0000000100000000)
  region size 1024K, 113 young (115712K), 5 survivors (5120K)
 Metaspace       used 7204K, committed 7424K, reserved 1114112K
  class space    used 354K, committed 448K, reserved 1048576K
}
Event: 227.955 GC heap after
{Heap after GC invocations=237 (full 0):
 garbage-first heap   total 232448K, used 25249K [0x0000000086600000, 0x0000000100000000)
  region size 1024K, 5 young (5120K), 5 survivors (5120K)
 Metaspace       used 7204K, committed 7424K, reserved 1114112K
  class space    used 354K, committed 448K, reserved 1048576K
}
Event: 228.924 GC heap before
{Heap before GC invocations=237 (full 0):
 garbage-first heap   total 232448K, used 200353K [0x0000000086600000, 0x0000000100000000)
  region size 1024K, 96 young (98304K), 5 survivors (5120K)
 Metaspace       used 7204K, committed 7424K, reserved 1114112K
  class space    used 354K, committed 448K, reserved 1048576K
}
Event: 228.943 GC heap after
{Heap after GC invocations=238 (full 0):
 garbage-first heap   total 232448K, used 37851K [0x0000000086600000, 0x0000000100000000)
  region size 1024K, 8 young (8192K), 8 survivors (8192K)
 Metaspace       used 7204K, committed 7424K, reserved 1114112K
  class space    used 354K, committed 448K, reserved 1048576K
}
Event: 229.951 GC heap before
{Heap before GC invocations=238 (full 0):
 garbage-first heap   total 232448K, used 189403K [0x0000000086600000, 0x0000000100000000)
  region size 1024K, 85 young (87040K), 8 survivors (8192K)
 Metaspace       used 7207K, committed 7424K, reserved 1114112K
  class space    used 354K, committed 448K, reserved 1048576K
}
Event: 229.963 GC heap after
{Heap after GC invocations=239 (full 0):
 garbage-first heap   total 232448K, used 38113K [0x0000000086600000, 0x0000000100000000)
  region size 1024K, 8 young (8192K), 8 survivors (8192K)
 Metaspace       used 7207K, committed 7424K, reserved 1114112K
  class space    used 354K, committed 448K, reserved 1048576K
}
Event: 230.657 GC heap before
{Heap before GC invocations=239 (full 0):
 garbage-first heap   total 232448K, used 189665K [0x0000000086600000, 0x0000000100000000)
  region size 1024K, 85 young (87040K), 8 survivors (8192K)
 Metaspace       used 7207K, committed 7424K, reserved 1114112K
  class space    used 354K, committed 448K, reserved 1048576K
}
Event: 230.665 GC heap after
{Heap after GC invocations=240 (full 0):
 garbage-first heap   total 232448K, used 38196K [0x0000000086600000, 0x0000000100000000)
  region size 1024K, 8 young (8192K), 8 survivors (8192K)
 Metaspace       used 7207K, committed 7424K, reserved 1114112K
  class space    used 354K, committed 448K, reserved 1048576K
}
Event: 231.497 GC heap before
{Heap before GC invocations=240 (full 0):
 garbage-first heap   total 232448K, used 189748K [0x0000000086600000, 0x0000000100000000)
  region size 1024K, 85 young (87040K), 8 survivors (8192K)
 Metaspace       used 7207K, committed 7424K, reserved 1114112K
  class space    used 354K, committed 448K, reserved 1048576K
}
Event: 231.507 GC heap after
{Heap after GC invocations=241 (full 0):
 garbage-first heap   total 232448K, used 37929K [0x0000000086600000, 0x0000000100000000)
  region size 1024K, 8 young (8192K), 8 survivors (8192K)
 Metaspace       used 7207K, committed 7424K, reserved 1114112K
  class space    used 354K, committed 448K, reserved 1048576K
}
Event: 232.286 GC heap before
{Heap before GC invocations=241 (full 0):
 garbage-first heap   total 232448K, used 189481K [0x0000000086600000, 0x0000000100000000)
  region size 1024K, 85 young (87040K), 8 survivors (8192K)
 Metaspace       used 7207K, committed 7424K, reserved 1114112K
  class space    used 354K, committed 448K, reserved 1048576K
}
Event: 232.296 GC heap after
{Heap after GC invocations=242 (full 0):
 garbage-first heap   total 232448K, used 37931K [0x0000000086600000, 0x0000000100000000)
  region size 1024K, 8 young (8192K), 8 survivors (8192K)
 Metaspace       used 7207K, committed 7424K, reserved 1114112K
  class space    used 354K, committed 448K, reserved 1048576K
}

