# Java VM: OpenJDK 64-Bit Server VM Temurin-17.0.7+7 (17.0.7+7, mixed mode, sharing, tiered, compressed oops, compressed class ptrs, g1 gc, windows-amd64)
GC Precious Log:
 CPUs: 8 total, 8 available
 Memory: 7778M
 Large Page Support: Disabled
 NUMA Support: Disabled
 Compressed Oops: Enabled (32-bit)
 Heap Region Size: 1M
 Heap Min Capacity: 8M
 Heap Initial Capacity: 122M
 Heap Max Capacity: 1946M
 Pre-touch: Disabled
 Parallel Workers: 8
 Concurrent Workers: 2
 Concurrent Refinement Workers: 8
 Periodic GC: Disabled
Heap:
 garbage-first heap   total 305152K, used 134974K [0x0000000086600000, 0x0000000100000000)
  region size 1024K, 65 young (66560K), 3 survivors (3072K)
 Metaspace       used 11584K, committed 11712K, reserved 1114112K
  class space    used 836K, committed 896K, reserved 1048576K
GC Heap History (20 events):
Event: 239.404 GC heap before
{Heap before GC invocations=209 (full 0):
 garbage-first heap   total 253952K, used 229244K [0x0000000086600000, 0x0000000100000000)
  region size 1024K, 115 young (117760K), 3 survivors (3072K)
 Metaspace       used 11584K, committed 11712K, reserved 1114112K
  class space    used 836K, committed 896K, reserved 1048576K
}
Event: 239.427 GC heap after
{Heap after GC invocations=210 (full 0):
 garbage-first heap   total 253952K, used 23460K [0x0000000086600000, 0x0000000100000000)
  region size 1024K, 3 young (3072K), 3 survivors (3072K)
 Metaspace       used 11584K, committed 11712K, reserved 1114112K
  class space    used 836K, committed 896K, reserved 1048576K
}
Event: 241.002 GC heap before
{Heap before GC invocations=210 (full 0):
 garbage-first heap   total 253952K, used 229284K [0x0000000086600000, 0x0000000100000000)
  region size 1024K, 115 young (117760K), 3 survivors (3072K)
 Metaspace       used 11584K, committed 11712K, reserved 1114112K
  class space    used 836K, committed 896K, reserved 1048576K
}
Event: 241.049 GC heap after
{Heap after GC invocations=211 (full 0):
 garbage-first heap   total 253952K, used 23459K [0x0000000086600000, 0x0000000100000000)
  region size 1024K, 3 young (3072K), 3 survivors (3072K)
 Metaspace       used 11584K, committed 11712K, reserved 1114112K
  class space    used 836K, committed 896K, reserved 1048576K
}
Event: 242.891 GC heap before
{Heap before GC invocations=211 (full 0):
 garbage-first heap   total 253952K, used 229283K [0x0000000086600000, 0x0000000100000000)
  region size 1024K, 115 young (117760K), 3 survivors (3072K)
 Metaspace       used 11584K, committed 11712K, reserved 1114112K
  class space    used 836K, committed 896K, reserved 1048576K
}
Event: 242.912 GC heap after
{Heap after GC invocations=212 (full 0):
 garbage-first heap   total 305152K, used 23419K [0x0000000086600000, 0x0000000100000000)
  region size 1024K, 3 young (3072K), 3 survivors (3072K)
 Metaspace       used 11584K, committed 11712K, reserved 1114112K
  class space    used 836K, committed 896K, reserved 1048576K
}
Event: 245.844 GC heap before
{Heap before GC invocations=212 (full 0):
 garbage-first heap   total 305152K, used 282491K [0x0000000086600000, 0x0000000100000000)
  region size 1024K, 144 young (147456K), 3 survivors (3072K)
 Metaspace       used 11584K, committed 11712K, reserved 1114112K
  class space    used 836K, committed 896K, reserved 1048576K
}
Event: 245.863 GC heap after
{Heap after GC invocations=213 (full 0):
 garbage-first heap   total 305152K, used 21368K [0x0000000086600000, 0x0000000100000000)
  region size 1024K, 3 young (3072K), 3 survivors (3072K)
 Metaspace       used 11584K, committed 11712K, reserved 1114112K
  class space    used 836K, committed 896K, reserved 1048576K
}
Event: 248.105 GC heap before
{Heap before GC invocations=213 (full 0):
 garbage-first heap   total 305152K, used 284536K [0x0000000086600000, 0x0000000100000000)
  region size 1024K, 146 young (149504K), 3 survivors (3072K)
 Metaspace       used 11584K, committed 11712K, reserved 1114112K
  class space    used 836K, committed 896K, reserved 1048576K
}
Event: 248.117 GC heap after
{Heap after GC invocations=214 (full 0):
 garbage-first heap   total 305152K, used 21367K [0x0000000086600000, 0x0000000100000000)
  region size 1024K, 3 young (3072K), 3 survivors (3072K)
 Metaspace       used 11584K, committed 11712K, reserved 1114112K
  class space    used 836K, committed 896K, reserved 1048576K
}
Event: 250.091 GC heap before
{Heap before GC invocations=214 (full 0):
 garbage-first heap   total 305152K, used 284535K [0x0000000086600000, 0x0000000100000000)
  region size 1024K, 146 young (149504K), 3 survivors (3072K)
 Metaspace       used 11584K, committed 11712K, reserved 1114112K
  class space    used 836K, committed 896K, reserved 1048576K
}
Event: 250.150 GC heap after
{Heap after GC invocations=215 (full 0):
 garbage-first heap   total 305152K, used 21327K [0x0000000086600000, 0x0000000100000000)
  region size 1024K, 3 young (3072K), 3 survivors (3072K)
 Metaspace       used 11584K, committed 11712K, reserved 1114112K
  class space    used 836K, committed 896K, reserved 1048576K
}
Event: 252.364 GC heap before
{Heap before GC invocations=215 (full 0):
 garbage-first heap   total 305152K, used 284495K [0x0000000086600000, 0x0000000100000000)
  region size 1024K, 146 young (149504K), 3 survivors (3072K)
 Metaspace       used 11584K, committed 11712K, reserved 1114112K
  class space    used 836K, committed 896K, reserved 1048576K
}
Event: 252.378 GC heap after
{Heap after GC invocations=216 (full 0):
 garbage-first heap   total 305152K, used 21329K [0x0000000086600000, 0x0000000100000000)
  region size 1024K, 3 young (3072K), 3 survivors (3072K)
 Metaspace       used 11584K, committed 11712K, reserved 1114112K
  class space    used 836K, committed 896K, reserved 1048576K
}
Event: 254.069 GC heap before
{Heap before GC invocations=216 (full 0):
 garbage-first heap   total 305152K, used 284497K [0x0000000086600000, 0x0000000100000000)
  region size 1024K, 146 young (149504K), 3 survivors (3072K)
 Metaspace       used 11584K, committed 11712K, reserved 1114112K
  class space    used 836K, committed 896K, reserved 1048576K
}
Event: 254.079 GC heap after
{Heap after GC invocations=217 (full 0):
 garbage-first heap   total 305152K, used 21311K [0x0000000086600000, 0x0000000100000000)
  region size 1024K, 3 young (3072K), 3 survivors (3072K)
 Metaspace       used 11584K, committed 11712K, reserved 1114112K
  class space    used 836K, committed 896K, reserved 1048576K
}
Event: 256.115 GC heap before
{Heap before GC invocations=217 (full 0):
 garbage-first heap   total 305152K, used 284479K [0x0000000086600000, 0x0000000100000000)
  region size 1024K, 146 young (149504K), 3 survivors (3072K)
 Metaspace       used 11584K, committed 11712K, reserved 1114112K
  class space    used 836K, committed 896K, reserved 1048576K
}
Event: 256.133 GC heap after
{Heap after GC invocations=218 (full 0):
 garbage-first heap   total 305152K, used 21310K [0x0000000086600000, 0x0000000100000000)
  region size 1024K, 3 young (3072K), 3 survivors (3072K)
 Metaspace       used 11584K, committed 11712K, reserved 1114112K
  class space    used 836K, committed 896K, reserved 1048576K
}
Event: 258.393 GC heap before
{Heap before GC invocations=218 (full 0):
 garbage-first heap   total 305152K, used 284478K [0x0000000086600000, 0x0000000100000000)
  region size 1024K, 146 young (149504K), 3 survivors (3072K)
 Metaspace       used 11584K, committed 11712K, reserved 1114112K
  class space    used 836K, committed 896K, reserved 1048576K
}
Event: 258.429 GC heap after
{Heap after GC invocations=219 (full 0):
 garbage-first heap   total 305152K, used 21310K [0x0000000086600000, 0x0000000100000000)
  region size 1024K, 3 young (3072K), 3 survivors (3072K)
 Metaspace       used 11584K, committed 11712K, reserved 1114112K
  class space    used 836K, committed 896K, reserved 1048576K
}

