# JRE version: OpenJDK Runtime Environment Temurin-17.0.7+7 (17.0.7+7) (build 17.0.7+7)
# Java VM: OpenJDK 64-Bit Server VM Temurin-17.0.7+7 (17.0.7+7, mixed mode, sharing, tiered, compressed oops, compressed class ptrs, g1 gc, windows-amd64)
GC Precious Log:
 CPUs: 8 total, 8 available
 Memory: 7778M
 Large Page Support: Disabled
 NUMA Support: Disabled
 Compressed Oops: Enabled (32-bit)
 Heap Region Size: 1M
 Heap Min Capacity: 8M
 Heap Initial Capacity: 122M
 Heap Max Capacity: 1946M
 Pre-touch: Disabled
 Parallel Workers: 8
 Concurrent Workers: 2
 Concurrent Refinement Workers: 8
 Periodic GC: Disabled
Heap:
 garbage-first heap   total 315392K, used 49196K [0x0000000086600000, 0x0000000100000000)
  region size 1024K, 19 young (19456K), 2 survivors (2048K)
 Metaspace       used 11290K, committed 11456K, reserved 1114112K
  class space    used 805K, committed 896K, reserved 1048576K
GC Heap History (20 events):
Event: 244.621 GC heap before
{Heap before GC invocations=209 (full 0):
 garbage-first heap   total 315392K, used 274488K [0x0000000086600000, 0x0000000100000000)
  region size 1024K, 132 young (135168K), 2 survivors (2048K)
 Metaspace       used 11290K, committed 11456K, reserved 1114112K
  class space    used 805K, committed 896K, reserved 1048576K
}
Event: 244.653 GC heap after
{Heap after GC invocations=210 (full 0):
 garbage-first heap   total 315392K, used 16468K [0x0000000086600000, 0x0000000100000000)
  region size 1024K, 2 young (2048K), 2 survivors (2048K)
 Metaspace       used 11290K, committed 11456K, reserved 1114112K
  class space    used 805K, committed 896K, reserved 1048576K
}
Event: 246.780 GC heap before
{Heap before GC invocations=210 (full 0):
 garbage-first heap   total 315392K, used 274516K [0x0000000086600000, 0x0000000100000000)
  region size 1024K, 132 young (135168K), 2 survivors (2048K)
 Metaspace       used 11290K, committed 11456K, reserved 1114112K
  class space    used 805K, committed 896K, reserved 1048576K
}
Event: 246.798 GC heap after
{Heap after GC invocations=211 (full 0):
 garbage-first heap   total 315392K, used 16468K [0x0000000086600000, 0x0000000100000000)
  region size 1024K, 2 young (2048K), 2 survivors (2048K)
 Metaspace       used 11290K, committed 11456K, reserved 1114112K
  class space    used 805K, committed 896K, reserved 1048576K
}
Event: 250.298 GC heap before
{Heap before GC invocations=211 (full 0):
 garbage-first heap   total 315392K, used 274516K [0x0000000086600000, 0x0000000100000000)
  region size 1024K, 132 young (135168K), 2 survivors (2048K)
 Metaspace       used 11290K, committed 11456K, reserved 1114112K
  class space    used 805K, committed 896K, reserved 1048576K
}
Event: 251.867 GC heap after
{Heap after GC invocations=212 (full 0):
 garbage-first heap   total 315392K, used 16468K [0x0000000086600000, 0x0000000100000000)
  region size 1024K, 2 young (2048K), 2 survivors (2048K)
 Metaspace       used 11290K, committed 11456K, reserved 1114112K
  class space    used 805K, committed 896K, reserved 1048576K
}
Event: 252.038 GC heap before
{Heap before GC invocations=212 (full 0):
 garbage-first heap   total 315392K, used 42068K [0x0000000086600000, 0x0000000100000000)
  region size 1024K, 15 young (15360K), 2 survivors (2048K)
 Metaspace       used 11290K, committed 11456K, reserved 1114112K
  class space    used 805K, committed 896K, reserved 1048576K
}
Event: 252.061 GC heap after
{Heap after GC invocations=213 (full 0):
 garbage-first heap   total 315392K, used 17398K [0x0000000086600000, 0x0000000100000000)
  region size 1024K, 2 young (2048K), 2 survivors (2048K)
 Metaspace       used 11290K, committed 11456K, reserved 1114112K
  class space    used 805K, committed 896K, reserved 1048576K
}
Event: 252.151 GC heap before
{Heap before GC invocations=213 (full 0):
 garbage-first heap   total 315392K, used 41974K [0x0000000086600000, 0x0000000100000000)
  region size 1024K, 15 young (15360K), 2 survivors (2048K)
 Metaspace       used 11290K, committed 11456K, reserved 1114112K
  class space    used 805K, committed 896K, reserved 1048576K
}
Event: 252.154 GC heap after
{Heap after GC invocations=214 (full 0):
 garbage-first heap   total 315392K, used 17464K [0x0000000086600000, 0x0000000100000000)
  region size 1024K, 2 young (2048K), 2 survivors (2048K)
 Metaspace       used 11290K, committed 11456K, reserved 1114112K
  class space    used 805K, committed 896K, reserved 1048576K
}
Event: 252.355 GC heap before
{Heap before GC invocations=214 (full 0):
 garbage-first heap   total 315392K, used 42040K [0x0000000086600000, 0x0000000100000000)
  region size 1024K, 15 young (15360K), 2 survivors (2048K)
 Metaspace       used 11290K, committed 11456K, reserved 1114112K
  class space    used 805K, committed 896K, reserved 1048576K
}
Event: 252.357 GC heap after
{Heap after GC invocations=215 (full 0):
 garbage-first heap   total 315392K, used 17452K [0x0000000086600000, 0x0000000100000000)
  region size 1024K, 2 young (2048K), 2 survivors (2048K)
 Metaspace       used 11290K, committed 11456K, reserved 1114112K
  class space    used 805K, committed 896K, reserved 1048576K
}
Event: 253.835 GC heap before
{Heap before GC invocations=215 (full 0):
 garbage-first heap   total 315392K, used 274476K [0x0000000086600000, 0x0000000100000000)
  region size 1024K, 132 young (135168K), 2 survivors (2048K)
 Metaspace       used 11290K, committed 11456K, reserved 1114112K
  class space    used 805K, committed 896K, reserved 1048576K
}
Event: 253.840 GC heap after
{Heap after GC invocations=216 (full 0):
 garbage-first heap   total 315392K, used 16467K [0x0000000086600000, 0x0000000100000000)
  region size 1024K, 2 young (2048K), 2 survivors (2048K)
 Metaspace       used 11290K, committed 11456K, reserved 1114112K
  class space    used 805K, committed 896K, reserved 1048576K
}
Event: 255.632 GC heap before
{Heap before GC invocations=216 (full 0):
 garbage-first heap   total 315392K, used 274515K [0x0000000086600000, 0x0000000100000000)
  region size 1024K, 132 young (135168K), 2 survivors (2048K)
 Metaspace       used 11290K, committed 11456K, reserved 1114112K
  class space    used 805K, committed 896K, reserved 1048576K
}
Event: 255.636 GC heap after
{Heap after GC invocations=217 (full 0):
 garbage-first heap   total 315392K, used 16495K [0x0000000086600000, 0x0000000100000000)
  region size 1024K, 2 young (2048K), 2 survivors (2048K)
 Metaspace       used 11290K, committed 11456K, reserved 1114112K
  class space    used 805K, committed 896K, reserved 1048576K
}
Event: 258.023 GC heap before
{Heap before GC invocations=217 (full 0):
 garbage-first heap   total 315392K, used 274543K [0x0000000086600000, 0x0000000100000000)
  region size 1024K, 132 young (135168K), 2 survivors (2048K)
 Metaspace       used 11290K, committed 11456K, reserved 1114112K
  class space    used 805K, committed 896K, reserved 1048576K
}
Event: 258.026 GC heap after
{Heap after GC invocations=218 (full 0):
 garbage-first heap   total 315392K, used 16468K [0x0000000086600000, 0x0000000100000000)
  region size 1024K, 2 young (2048K), 2 survivors (2048K)
 Metaspace       used 11290K, committed 11456K, reserved 1114112K
  class space    used 805K, committed 896K, reserved 1048576K
}
Event: 262.975 GC heap before
{Heap before GC invocations=218 (full 0):
 garbage-first heap   total 315392K, used 274516K [0x0000000086600000, 0x0000000100000000)
  region size 1024K, 132 young (135168K), 2 survivors (2048K)
 Metaspace       used 11290K, committed 11456K, reserved 1114112K
  class space    used 805K, committed 896K, reserved 1048576K
}
Event: 262.980 GC heap after
{Heap after GC invocations=219 (full 0):
 garbage-first heap   total 315392K, used 16428K [0x0000000086600000, 0x0000000100000000)
  region size 1024K, 2 young (2048K), 2 survivors (2048K)
 Metaspace       used 11290K, committed 11456K, reserved 1114112K
  class space    used 805K, committed 896K, reserved 1048576K
}

