# JRE version: OpenJDK Runtime Environment Temurin-17.0.7+7 (17.0.7+7) (build 17.0.7+7)
# Java VM: OpenJDK 64-Bit Server VM Temurin-17.0.7+7 (17.0.7+7, mixed mode, sharing, tiered, compressed oops, compressed class ptrs, g1 gc, windows-amd64)
GC Precious Log:
 CPUs: 8 total, 8 available
 Memory: 7778M
 Large Page Support: Disabled
 NUMA Support: Disabled
 Compressed Oops: Enabled (32-bit)
 Heap Region Size: 1M
 Heap Min Capacity: 8M
 Heap Initial Capacity: 122M
 Heap Max Capacity: 1946M
 Pre-touch: Disabled
 Parallel Workers: 8
 Concurrent Workers: 2
 Concurrent Refinement Workers: 8
 Periodic GC: Disabled
Heap:
 garbage-first heap   total 262144K, used 184020K [0x0000000086600000, 0x0000000100000000)
  region size 1024K, 84 young (86016K), 1 survivors (1024K)
 Metaspace       used 11596K, committed 11776K, reserved 1114112K
  class space    used 837K, committed 896K, reserved 1048576K
GC Heap History (20 events):
Event: 278.702 GC heap before
{Heap before GC invocations=149 (full 0):
 garbage-first heap   total 262144K, used 222030K [0x0000000086600000, 0x0000000100000000)
  region size 1024K, 104 young (106496K), 2 survivors (2048K)
 Metaspace       used 11596K, committed 11776K, reserved 1114112K
  class space    used 837K, committed 896K, reserved 1048576K
}
Event: 278.708 GC heap after
{Heap after GC invocations=150 (full 0):
 garbage-first heap   total 262144K, used 13014K [0x0000000086600000, 0x0000000100000000)
  region size 1024K, 2 young (2048K), 2 survivors (2048K)
 Metaspace       used 11596K, committed 11776K, reserved 1114112K
  class space    used 837K, committed 896K, reserved 1048576K
}
Event: 280.322 GC heap before
{Heap before GC invocations=150 (full 0):
 garbage-first heap   total 262144K, used 221910K [0x0000000086600000, 0x0000000100000000)
  region size 1024K, 104 young (106496K), 2 survivors (2048K)
 Metaspace       used 11596K, committed 11776K, reserved 1114112K
  class space    used 837K, committed 896K, reserved 1048576K
}
Event: 280.326 GC heap after
{Heap after GC invocations=151 (full 0):
 garbage-first heap   total 262144K, used 13074K [0x0000000086600000, 0x0000000100000000)
  region size 1024K, 2 young (2048K), 2 survivors (2048K)
 Metaspace       used 11596K, committed 11776K, reserved 1114112K
  class space    used 837K, committed 896K, reserved 1048576K
}
Event: 282.175 GC heap before
{Heap before GC invocations=151 (full 0):
 garbage-first heap   total 262144K, used 221970K [0x0000000086600000, 0x0000000100000000)
  region size 1024K, 104 young (106496K), 2 survivors (2048K)
 Metaspace       used 11596K, committed 11776K, reserved 1114112K
  class space    used 837K, committed 896K, reserved 1048576K
}
Event: 282.178 GC heap after
{Heap after GC invocations=152 (full 0):
 garbage-first heap   total 262144K, used 13074K [0x0000000086600000, 0x0000000100000000)
  region size 1024K, 2 young (2048K), 2 survivors (2048K)
 Metaspace       used 11596K, committed 11776K, reserved 1114112K
  class space    used 837K, committed 896K, reserved 1048576K
}
Event: 283.416 GC heap before
{Heap before GC invocations=152 (full 0):
 garbage-first heap   total 262144K, used 221970K [0x0000000086600000, 0x0000000100000000)
  region size 1024K, 104 young (106496K), 2 survivors (2048K)
 Metaspace       used 11596K, committed 11776K, reserved 1114112K
  class space    used 837K, committed 896K, reserved 1048576K
}
Event: 283.419 GC heap after
{Heap after GC invocations=153 (full 0):
 garbage-first heap   total 262144K, used 13074K [0x0000000086600000, 0x0000000100000000)
  region size 1024K, 2 young (2048K), 2 survivors (2048K)
 Metaspace       used 11596K, committed 11776K, reserved 1114112K
  class space    used 837K, committed 896K, reserved 1048576K
}
Event: 284.833 GC heap before
{Heap before GC invocations=153 (full 0):
 garbage-first heap   total 262144K, used 221970K [0x0000000086600000, 0x0000000100000000)
  region size 1024K, 104 young (106496K), 2 survivors (2048K)
 Metaspace       used 11596K, committed 11776K, reserved 1114112K
  class space    used 837K, committed 896K, reserved 1048576K
}
Event: 284.843 GC heap after
{Heap after GC invocations=154 (full 0):
 garbage-first heap   total 262144K, used 13014K [0x0000000086600000, 0x0000000100000000)
  region size 1024K, 2 young (2048K), 2 survivors (2048K)
 Metaspace       used 11596K, committed 11776K, reserved 1114112K
  class space    used 837K, committed 896K, reserved 1048576K
}
Event: 286.437 GC heap before
{Heap before GC invocations=154 (full 0):
 garbage-first heap   total 262144K, used 221910K [0x0000000086600000, 0x0000000100000000)
  region size 1024K, 104 young (106496K), 2 survivors (2048K)
 Metaspace       used 11596K, committed 11776K, reserved 1114112K
  class space    used 837K, committed 896K, reserved 1048576K
}
Event: 286.461 GC heap after
{Heap after GC invocations=155 (full 0):
 garbage-first heap   total 262144K, used 13047K [0x0000000086600000, 0x0000000100000000)
  region size 1024K, 1 young (1024K), 1 survivors (1024K)
 Metaspace       used 11596K, committed 11776K, reserved 1114112K
  class space    used 837K, committed 896K, reserved 1048576K
}
Event: 287.936 GC heap before
{Heap before GC invocations=155 (full 0):
 garbage-first heap   total 262144K, used 219895K [0x0000000086600000, 0x0000000100000000)
  region size 1024K, 102 young (104448K), 1 survivors (1024K)
 Metaspace       used 11596K, committed 11776K, reserved 1114112K
  class space    used 837K, committed 896K, reserved 1048576K
}
Event: 287.942 GC heap after
{Heap after GC invocations=156 (full 0):
 garbage-first heap   total 262144K, used 14041K [0x0000000086600000, 0x0000000100000000)
  region size 1024K, 1 young (1024K), 1 survivors (1024K)
 Metaspace       used 11596K, committed 11776K, reserved 1114112K
  class space    used 837K, committed 896K, reserved 1048576K
}
Event: 289.334 GC heap before
{Heap before GC invocations=156 (full 0):
 garbage-first heap   total 262144K, used 218841K [0x0000000086600000, 0x0000000100000000)
  region size 1024K, 101 young (103424K), 1 survivors (1024K)
 Metaspace       used 11596K, committed 11776K, reserved 1114112K
  class space    used 837K, committed 896K, reserved 1048576K
}
Event: 289.339 GC heap after
{Heap after GC invocations=157 (full 0):
 garbage-first heap   total 262144K, used 14027K [0x0000000086600000, 0x0000000100000000)
  region size 1024K, 1 young (1024K), 1 survivors (1024K)
 Metaspace       used 11596K, committed 11776K, reserved 1114112K
  class space    used 837K, committed 896K, reserved 1048576K
}
Event: 290.767 GC heap before
{Heap before GC invocations=157 (full 0):
 garbage-first heap   total 262144K, used 218827K [0x0000000086600000, 0x0000000100000000)
  region size 1024K, 101 young (103424K), 1 survivors (1024K)
 Metaspace       used 11596K, committed 11776K, reserved 1114112K
  class space    used 837K, committed 896K, reserved 1048576K
}
Event: 290.773 GC heap after
{Heap after GC invocations=158 (full 0):
 garbage-first heap   total 262144K, used 14012K [0x0000000086600000, 0x0000000100000000)
  region size 1024K, 1 young (1024K), 1 survivors (1024K)
 Metaspace       used 11596K, committed 11776K, reserved 1114112K
  class space    used 837K, committed 896K, reserved 1048576K
}
Event: 292.241 GC heap before
{Heap before GC invocations=158 (full 0):
 garbage-first heap   total 262144K, used 218812K [0x0000000086600000, 0x0000000100000000)
  region size 1024K, 101 young (103424K), 1 survivors (1024K)
 Metaspace       used 11596K, committed 11776K, reserved 1114112K
  class space    used 837K, committed 896K, reserved 1048576K
}
Event: 292.247 GC heap after
{Heap after GC invocations=159 (full 0):
 garbage-first heap   total 262144K, used 14036K [0x0000000086600000, 0x0000000100000000)
  region size 1024K, 1 young (1024K), 1 survivors (1024K)
 Metaspace       used 11596K, committed 11776K, reserved 1114112K
  class space    used 837K, committed 896K, reserved 1048576K
}

