# JRE version: OpenJDK Runtime Environment Temurin-17.0.7+7 (17.0.7+7) (build 17.0.7+7)
# Java VM: OpenJDK 64-Bit Server VM Temurin-17.0.7+7 (17.0.7+7, mixed mode, sharing, tiered, compressed oops, compressed class ptrs, g1 gc, windows-amd64)
GC Precious Log:
 CPUs: 8 total, 8 available
 Memory: 7778M
 Large Page Support: Disabled
 NUMA Support: Disabled
 Compressed Oops: Enabled (32-bit)
 Heap Region Size: 1M
 Heap Min Capacity: 8M
 Heap Initial Capacity: 122M
 Heap Max Capacity: 1946M
 Pre-touch: Disabled
 Parallel Workers: 8
 Concurrent Workers: 2
 Concurrent Refinement Workers: 8
 Periodic GC: Disabled
Heap:
 garbage-first heap   total 181248K, used 84389K [0x0000000086600000, 0x0000000100000000)
  region size 1024K, 36 young (36864K), 2 survivors (2048K)
 Metaspace       used 7211K, committed 7424K, reserved 1114112K
  class space    used 354K, committed 448K, reserved 1048576K
GC Heap History (20 events):
Event: 208.925 GC heap before
{Heap before GC invocations=218 (full 0):
 garbage-first heap   total 181248K, used 149983K [0x0000000086600000, 0x0000000100000000)
  region size 1024K, 69 young (70656K), 2 survivors (2048K)
 Metaspace       used 7211K, committed 7424K, reserved 1114112K
  class space    used 354K, committed 448K, reserved 1048576K
}
Event: 208.928 GC heap after
{Heap after GC invocations=219 (full 0):
 garbage-first heap   total 181248K, used 17877K [0x0000000086600000, 0x0000000100000000)
  region size 1024K, 2 young (2048K), 2 survivors (2048K)
 Metaspace       used 7211K, committed 7424K, reserved 1114112K
  class space    used 354K, committed 448K, reserved 1048576K
}
Event: 209.355 GC heap before
{Heap before GC invocations=219 (full 0):
 garbage-first heap   total 181248K, used 149973K [0x0000000086600000, 0x0000000100000000)
  region size 1024K, 69 young (70656K), 2 survivors (2048K)
 Metaspace       used 7211K, committed 7424K, reserved 1114112K
  class space    used 354K, committed 448K, reserved 1048576K
}
Event: 209.358 GC heap after
{Heap after GC invocations=220 (full 0):
 garbage-first heap   total 181248K, used 17885K [0x0000000086600000, 0x0000000100000000)
  region size 1024K, 2 young (2048K), 2 survivors (2048K)
 Metaspace       used 7211K, committed 7424K, reserved 1114112K
  class space    used 354K, committed 448K, reserved 1048576K
}
Event: 209.971 GC heap before
{Heap before GC invocations=220 (full 0):
 garbage-first heap   total 181248K, used 149981K [0x0000000086600000, 0x0000000100000000)
  region size 1024K, 69 young (70656K), 2 survivors (2048K)
 Metaspace       used 7211K, committed 7424K, reserved 1114112K
  class space    used 354K, committed 448K, reserved 1048576K
}
Event: 209.976 GC heap after
{Heap after GC invocations=221 (full 0):
 garbage-first heap   total 181248K, used 17836K [0x0000000086600000, 0x0000000100000000)
  region size 1024K, 2 young (2048K), 2 survivors (2048K)
 Metaspace       used 7211K, committed 7424K, reserved 1114112K
  class space    used 354K, committed 448K, reserved 1048576K
}
Event: 210.829 GC heap before
{Heap before GC invocations=221 (full 0):
 garbage-first heap   total 181248K, used 149932K [0x0000000086600000, 0x0000000100000000)
  region size 1024K, 69 young (70656K), 2 survivors (2048K)
 Metaspace       used 7211K, committed 7424K, reserved 1114112K
  class space    used 354K, committed 448K, reserved 1048576K
}
Event: 210.833 GC heap after
{Heap after GC invocations=222 (full 0):
 garbage-first heap   total 181248K, used 17839K [0x0000000086600000, 0x0000000100000000)
  region size 1024K, 2 young (2048K), 2 survivors (2048K)
 Metaspace       used 7211K, committed 7424K, reserved 1114112K
  class space    used 354K, committed 448K, reserved 1048576K
}
Event: 211.402 GC heap before
{Heap before GC invocations=222 (full 0):
 garbage-first heap   total 181248K, used 149935K [0x0000000086600000, 0x0000000100000000)
  region size 1024K, 69 young (70656K), 2 survivors (2048K)
 Metaspace       used 7211K, committed 7424K, reserved 1114112K
  class space    used 354K, committed 448K, reserved 1048576K
}
Event: 211.405 GC heap after
{Heap after GC invocations=223 (full 0):
 garbage-first heap   total 181248K, used 17839K [0x0000000086600000, 0x0000000100000000)
  region size 1024K, 2 young (2048K), 2 survivors (2048K)
 Metaspace       used 7211K, committed 7424K, reserved 1114112K
  class space    used 354K, committed 448K, reserved 1048576K
}
Event: 212.078 GC heap before
{Heap before GC invocations=223 (full 0):
 garbage-first heap   total 181248K, used 149935K [0x0000000086600000, 0x0000000100000000)
  region size 1024K, 69 young (70656K), 2 survivors (2048K)
 Metaspace       used 7211K, committed 7424K, reserved 1114112K
  class space    used 354K, committed 448K, reserved 1048576K
}
Event: 212.081 GC heap after
{Heap after GC invocations=224 (full 0):
 garbage-first heap   total 181248K, used 17886K [0x0000000086600000, 0x0000000100000000)
  region size 1024K, 2 young (2048K), 2 survivors (2048K)
 Metaspace       used 7211K, committed 7424K, reserved 1114112K
  class space    used 354K, committed 448K, reserved 1048576K
}
Event: 212.595 GC heap before
{Heap before GC invocations=224 (full 0):
 garbage-first heap   total 181248K, used 149982K [0x0000000086600000, 0x0000000100000000)
  region size 1024K, 69 young (70656K), 2 survivors (2048K)
 Metaspace       used 7211K, committed 7424K, reserved 1114112K
  class space    used 354K, committed 448K, reserved 1048576K
}
Event: 212.601 GC heap after
{Heap after GC invocations=225 (full 0):
 garbage-first heap   total 181248K, used 17829K [0x0000000086600000, 0x0000000100000000)
  region size 1024K, 2 young (2048K), 2 survivors (2048K)
 Metaspace       used 7211K, committed 7424K, reserved 1114112K
  class space    used 354K, committed 448K, reserved 1048576K
}
Event: 213.198 GC heap before
{Heap before GC invocations=225 (full 0):
 garbage-first heap   total 181248K, used 149925K [0x0000000086600000, 0x0000000100000000)
  region size 1024K, 69 young (70656K), 2 survivors (2048K)
 Metaspace       used 7211K, committed 7424K, reserved 1114112K
  class space    used 354K, committed 448K, reserved 1048576K
}
Event: 213.212 GC heap after
{Heap after GC invocations=226 (full 0):
 garbage-first heap   total 181248K, used 17838K [0x0000000086600000, 0x0000000100000000)
  region size 1024K, 2 young (2048K), 2 survivors (2048K)
 Metaspace       used 7211K, committed 7424K, reserved 1114112K
  class space    used 354K, committed 448K, reserved 1048576K
}
Event: 214.906 GC heap before
{Heap before GC invocations=226 (full 0):
 garbage-first heap   total 181248K, used 149934K [0x0000000086600000, 0x0000000100000000)
  region size 1024K, 69 young (70656K), 2 survivors (2048K)
 Metaspace       used 7211K, committed 7424K, reserved 1114112K
  class space    used 354K, committed 448K, reserved 1048576K
}
Event: 214.909 GC heap after
{Heap after GC invocations=227 (full 0):
 garbage-first heap   total 181248K, used 17886K [0x0000000086600000, 0x0000000100000000)
  region size 1024K, 2 young (2048K), 2 survivors (2048K)
 Metaspace       used 7211K, committed 7424K, reserved 1114112K
  class space    used 354K, committed 448K, reserved 1048576K
}
Event: 215.339 GC heap before
{Heap before GC invocations=227 (full 0):
 garbage-first heap   total 181248K, used 149982K [0x0000000086600000, 0x0000000100000000)
  region size 1024K, 69 young (70656K), 2 survivors (2048K)
 Metaspace       used 7211K, committed 7424K, reserved 1114112K
  class space    used 354K, committed 448K, reserved 1048576K
}
Event: 215.342 GC heap after
{Heap after GC invocations=228 (full 0):
 garbage-first heap   total 181248K, used 17829K [0x0000000086600000, 0x0000000100000000)
  region size 1024K, 2 young (2048K), 2 survivors (2048K)
 Metaspace       used 7211K, committed 7424K, reserved 1114112K
  class space    used 354K, committed 448K, reserved 1048576K
}

